[DEBUG] srcs/initializer/read_config.c:21 - Opening config file
[DEBUG] srcs/initializer/read_config.c:45 - Reading config file...
[DEBUG] srcs/initializer/read_config.c:45 - Reading config file...
[DEBUG] srcs/initializer/read_config.c:45 - Reading config file...
[DEBUG] srcs/initializer/read_config.c:45 - Reading config file...
[DEBUG] srcs/initializer/read_config.c:45 - Reading config file...
[DEBUG] srcs/initializer/read_config.c:45 - Reading config file...
[DEBUG] srcs/initializer/read_config.c:45 - Reading config file...
[DEBUG] srcs/initializer/read_config.c:45 - Reading config file...
[DEBUG] srcs/initializer/read_config.c:45 - Reading config file...
[DEBUG] srcs/initializer/read_config.c:45 - Reading config file...
[DEBUG] srcs/initializer/read_config.c:45 - Reading config file...
[DEBUG] srcs/initializer/read_config.c:45 - Reading config file...
[DEBUG] srcs/initializer/parse_config.c:95 - Parsing config file...
[DEBUG] srcs/initializer/parse_config.c:95 - Parsing config file...
[DEBUG] srcs/initializer/parse_config.c:95 - Parsing config file...
[DEBUG] srcs/initializer/parse_config.c:95 - Parsing config file...
[DEBUG] srcs/initializer/parse_config.c:95 - Parsing config file...
[DEBUG] srcs/initializer/parse_config.c:95 - Parsing config file...
[DEBUG] srcs/initializer/parse_config.c:95 - Parsing config file...
[DEBUG] srcs/initializer/parse_config.c:95 - Parsing config file...
[DEBUG] srcs/initializer/parse_config.c:95 - Parsing config file...
[DEBUG] srcs/initializer/parse_config.c:95 - Parsing config file...
[DEBUG] srcs/initializer/parse_config.c:95 - Parsing config file...
[DEBUG] srcs/initializer/read_config.c:81 - Config file parsed successfully
[DEBUG] srcs/initializer/init_core.c:18 - mlx_init() called
[DEBUG] srcs/initializer/init_core.c:27 - mlx_new_window() called
[DEBUG] srcs/closing/close.c:20 - mlx_destroy_window() called
[DEBUG] srcs/closing/close.c:25 - mlx_destroy_display() called
[DEBUG] srcs/closing/close.c:30 - Freeing mlx
[DEBUG] srcs/closing/close.c:40 - Freeing engine->title
[DEBUG] srcs/closing/close.c:43 - Freeing engine
